<?xml version="1.0" encoding="UTF-8"?>
<testng-results ignored="0" total="4" passed="4" failed="0" skipped="0">
  <reporter-output>
  </reporter-output>
  <suite started-at="2021-08-17T13:52:09 GMT-04:00" name="Default suite" finished-at="2021-08-17T13:53:14 GMT-04:00" duration-ms="64659">
    <groups>
    </groups>
    <test started-at="2021-08-17T13:52:09 GMT-04:00" name="Default test" finished-at="2021-08-17T13:53:14 GMT-04:00" duration-ms="64659">
      <class name="com.qa.opencart.tests.RegistrationPageTest">
        <test-method is-config="true" signature="setup()[pri:0, instance:com.qa.opencart.tests.RegistrationPageTest@68f4865]" started-at="2021-08-17T13:52:09 GMT-04:00" name="setup" finished-at="2021-08-17T13:52:13 GMT-04:00" duration-ms="4182" status="PASS">
          <reporter-output>
          </reporter-output>
        </test-method> <!-- setup -->
        <test-method is-config="true" signature="setupRegister()[pri:0, instance:com.qa.opencart.tests.RegistrationPageTest@68f4865]" started-at="2021-08-17T13:52:13 GMT-04:00" name="setupRegister" finished-at="2021-08-17T13:52:15 GMT-04:00" duration-ms="1778" status="PASS">
          <reporter-output>
          </reporter-output>
        </test-method> <!-- setupRegister -->
        <test-method signature="userRegistrationTest(java.lang.String,java.lang.String,java.lang.String,java.lang.String,java.lang.String)[pri:0, instance:com.qa.opencart.tests.RegistrationPageTest@68f4865]" started-at="2021-08-17T13:52:16 GMT-04:00" name="userRegistrationTest" data-provider="getRegisterData" finished-at="2021-08-17T13:52:29 GMT-04:00" duration-ms="13890" status="PASS">
          <params>
            <param index="0">
              <value>
                <![CDATA[sunil]]>
              </value>
            </param>
            <param index="1">
              <value>
                <![CDATA[LN1]]>
              </value>
            </param>
            <param index="2">
              <value>
                <![CDATA[9898789898]]>
              </value>
            </param>
            <param index="3">
              <value>
                <![CDATA[test@123]]>
              </value>
            </param>
            <param index="4">
              <value>
                <![CDATA[yes]]>
              </value>
            </param>
          </params>
          <reporter-output>
          </reporter-output>
        </test-method> <!-- userRegistrationTest -->
        <test-method signature="userRegistrationTest(java.lang.String,java.lang.String,java.lang.String,java.lang.String,java.lang.String)[pri:0, instance:com.qa.opencart.tests.RegistrationPageTest@68f4865]" started-at="2021-08-17T13:52:30 GMT-04:00" name="userRegistrationTest" data-provider="getRegisterData" finished-at="2021-08-17T13:52:44 GMT-04:00" duration-ms="14428" status="PASS">
          <params>
            <param index="0">
              <value>
                <![CDATA[shraddha]]>
              </value>
            </param>
            <param index="1">
              <value>
                <![CDATA[LN2]]>
              </value>
            </param>
            <param index="2">
              <value>
                <![CDATA[9898789890]]>
              </value>
            </param>
            <param index="3">
              <value>
                <![CDATA[test@234]]>
              </value>
            </param>
            <param index="4">
              <value>
                <![CDATA[no]]>
              </value>
            </param>
          </params>
          <reporter-output>
          </reporter-output>
        </test-method> <!-- userRegistrationTest -->
        <test-method signature="userRegistrationTest(java.lang.String,java.lang.String,java.lang.String,java.lang.String,java.lang.String)[pri:0, instance:com.qa.opencart.tests.RegistrationPageTest@68f4865]" started-at="2021-08-17T13:52:44 GMT-04:00" name="userRegistrationTest" data-provider="getRegisterData" finished-at="2021-08-17T13:52:59 GMT-04:00" duration-ms="14668" status="PASS">
          <params>
            <param index="0">
              <value>
                <![CDATA[vasanth]]>
              </value>
            </param>
            <param index="1">
              <value>
                <![CDATA[LN3]]>
              </value>
            </param>
            <param index="2">
              <value>
                <![CDATA[9898789789]]>
              </value>
            </param>
            <param index="3">
              <value>
                <![CDATA[test@890]]>
              </value>
            </param>
            <param index="4">
              <value>
                <![CDATA[yes]]>
              </value>
            </param>
          </params>
          <reporter-output>
          </reporter-output>
        </test-method> <!-- userRegistrationTest -->
        <test-method signature="userRegistrationTest(java.lang.String,java.lang.String,java.lang.String,java.lang.String,java.lang.String)[pri:0, instance:com.qa.opencart.tests.RegistrationPageTest@68f4865]" started-at="2021-08-17T13:52:59 GMT-04:00" name="userRegistrationTest" data-provider="getRegisterData" finished-at="2021-08-17T13:53:13 GMT-04:00" duration-ms="14251" status="PASS">
          <params>
            <param index="0">
              <value>
                <![CDATA[nagaraj]]>
              </value>
            </param>
            <param index="1">
              <value>
                <![CDATA[LN4]]>
              </value>
            </param>
            <param index="2">
              <value>
                <![CDATA[9898898765]]>
              </value>
            </param>
            <param index="3">
              <value>
                <![CDATA[test@888]]>
              </value>
            </param>
            <param index="4">
              <value>
                <![CDATA[no]]>
              </value>
            </param>
          </params>
          <reporter-output>
          </reporter-output>
        </test-method> <!-- userRegistrationTest -->
        <test-method is-config="true" signature="tearDown()[pri:0, instance:com.qa.opencart.tests.RegistrationPageTest@68f4865]" started-at="2021-08-17T13:53:13 GMT-04:00" name="tearDown" finished-at="2021-08-17T13:53:14 GMT-04:00" duration-ms="737" status="PASS">
          <reporter-output>
          </reporter-output>
        </test-method> <!-- tearDown -->
      </class> <!-- com.qa.opencart.tests.RegistrationPageTest -->
    </test> <!-- Default test -->
  </suite> <!-- Default suite -->
</testng-results>
